#
# There is insufficient memory for the Java Runtime Environment to continue.
# Native memory allocation (malloc) failed to allocate 1163376 bytes for Chunk::new
# Possible reasons:
#   The system is out of physical RAM or swap space
#   The process is running with CompressedOops enabled, and the Java Heap may be blocking the growth of the native heap
# Possible solutions:
#   Reduce memory load on the system
#   Increase physical memory or swap space
#   Check if swap backing store is full
#   Decrease Java heap size (-Xmx/-Xms)
#   Decrease number of Java threads
#   Decrease Java thread stack sizes (-Xss)
#   Set larger code cache with -XX:ReservedCodeCacheSize=
#   JVM is running with Unscaled Compressed Oops mode in which the Java heap is
#     placed in the first 4GB address space. The Java Heap base address is the
#     maximum limit for the native heap growth. Please use -XX:HeapBaseMinAddress
#     to set the Java Heap base and to place the Java Heap above 4GB virtual address.
# This output file may be truncated or incomplete.
#
#  Out of Memory Error (allocation.cpp:389), pid=4836, tid=0x00000000000009a0
#
# JRE version: OpenJDK Runtime Environment (8.0_242-b01) (build 1.8.0_242-release-1644-b01)
# Java VM: OpenJDK 64-Bit Server VM (25.242-b01 mixed mode windows-amd64 compressed oops)
# Failed to write core dump. Minidumps are not enabled by default on client versions of Windows
#

---------------  T H R E A D  ---------------

Current thread (0x0000000016424000):  JavaThread "C2 CompilerThread1" daemon [_thread_in_native, id=2464, stack(0x0000000017b10000,0x0000000017c10000)]

Stack: [0x0000000017b10000,0x0000000017c10000]
[error occurred during error reporting (printing stack bounds), id 0xc0000005]

Native frames: (J=compiled Java code, j=interpreted, Vv=VM code, C=native code)


Current CompileTask:
C2: 403179 19046       4       com.android.tools.r8.ir.regalloc.a::i (610 bytes)


---------------  P R O C E S S  ---------------

Java Threads: ( => current thread )
  0x000000002823e800 JavaThread "stdout" [_thread_in_native, id=6976, stack(0x0000000032f10000,0x0000000033010000)]
  0x000000002823b800 JavaThread "stderr" [_thread_in_native, id=9208, stack(0x0000000032e10000,0x0000000032f10000)]
  0x000000002823d800 JavaThread "stdout" [_thread_in_native, id=3520, stack(0x0000000032d10000,0x0000000032e10000)]
  0x0000000028239000 JavaThread "stderr" [_thread_in_native, id=1052, stack(0x0000000032c10000,0x0000000032d10000)]
  0x000000001cee0000 JavaThread "stdout" [_thread_in_native, id=636, stack(0x0000000032b10000,0x0000000032c10000)]
  0x000000001daf0000 JavaThread "stderr" [_thread_in_native, id=4964, stack(0x0000000032a10000,0x0000000032b10000)]
  0x000000001daf4000 JavaThread "stdout" [_thread_in_native, id=7904, stack(0x0000000032910000,0x0000000032a10000)]
  0x000000001daef800 JavaThread "stderr" [_thread_in_native, id=10824, stack(0x0000000032810000,0x0000000032910000)]
  0x000000001daf3000 JavaThread "WorkerExecutor Queue Thread 4" [_thread_in_Java, id=5972, stack(0x0000000032710000,0x0000000032810000)]
  0x000000001daee000 JavaThread "pool-4-thread-1" [_thread_blocked, id=5880, stack(0x0000000032610000,0x0000000032710000)]
  0x000000001daf2800 JavaThread "WorkerExecutor Queue Thread 3" [_thread_blocked, id=8216, stack(0x0000000032510000,0x0000000032610000)]
  0x000000001daf1000 JavaThread "WorkerExecutor Queue Thread 2" [_thread_blocked, id=9788, stack(0x0000000032410000,0x0000000032510000)]
  0x000000001daf1800 JavaThread "WorkerExecutor Queue" [_thread_blocked, id=7448, stack(0x0000000032310000,0x0000000032410000)]
  0x000000001dae7000 JavaThread "Cache worker for execution history cache (C:\Users\Rumah\Desktop\ECollabClasroom\.gradle\6.5\executionHistory)" [_thread_blocked, id=5168, stack(0x0000000032210000,0x0000000032310000)]
  0x000000001daea000 JavaThread "Execution worker for ':' Thread 3" [_thread_blocked, id=9744, stack(0x0000000032110000,0x0000000032210000)]
  0x000000001daed000 JavaThread "Execution worker for ':' Thread 2" [_thread_blocked, id=10452, stack(0x0000000032010000,0x0000000032110000)]
  0x000000001daeb000 JavaThread "Execution worker for ':'" [_thread_blocked, id=6960, stack(0x0000000031f10000,0x0000000032010000)]
  0x000000001daec800 JavaThread "Cache worker for file content cache (C:\Users\Rumah\Desktop\ECollabClasroom\.gradle\6.5\fileContent)" [_thread_blocked, id=1008, stack(0x0000000031e10000,0x0000000031f10000)]
  0x000000001dae9800 JavaThread "Cache worker for Build Output Cleanup Cache (C:\Users\Rumah\Desktop\ECollabClasroom\.gradle\buildOutputCleanup)" [_thread_in_native, id=124, stack(0x0000000031d10000,0x0000000031e10000)]
  0x000000001dae5800 JavaThread "jar transforms Thread 188" [_thread_blocked, id=7452, stack(0x0000000031c10000,0x0000000031d10000)]
  0x000000001dae5000 JavaThread "jar transforms Thread 187" [_thread_blocked, id=7760, stack(0x0000000031b10000,0x0000000031c10000)]
  0x000000001dae8800 JavaThread "jar transforms Thread 186" [_thread_blocked, id=224, stack(0x0000000031a10000,0x0000000031b10000)]
  0x0000000019187800 JavaThread "jar transforms Thread 185" [_thread_blocked, id=10584, stack(0x0000000031910000,0x0000000031a10000)]
  0x0000000019186800 JavaThread "jar transforms Thread 184" [_thread_blocked, id=10252, stack(0x0000000031810000,0x0000000031910000)]
  0x000000001918a800 JavaThread "jar transforms Thread 183" [_thread_blocked, id=8892, stack(0x0000000031710000,0x0000000031810000)]
  0x0000000019189800 JavaThread "jar transforms Thread 182" [_thread_blocked, id=8152, stack(0x0000000031610000,0x0000000031710000)]
  0x0000000019188000 JavaThread "jar transforms Thread 181" [_thread_blocked, id=6012, stack(0x0000000031510000,0x0000000031610000)]
  0x0000000019189000 JavaThread "jar transforms Thread 180" [_thread_blocked, id=10820, stack(0x0000000031410000,0x0000000031510000)]
  0x0000000019185000 JavaThread "jar transforms Thread 179" [_thread_blocked, id=9168, stack(0x0000000031310000,0x0000000031410000)]
  0x0000000019186000 JavaThread "jar transforms Thread 178" [_thread_blocked, id=11228, stack(0x0000000031210000,0x0000000031310000)]
  0x000000001918b000 JavaThread "jar transforms Thread 177" [_thread_blocked, id=8084, stack(0x0000000031110000,0x0000000031210000)]
  0x000000001917e800 JavaThread "jar transforms Thread 176" [_thread_blocked, id=6492, stack(0x0000000031010000,0x0000000031110000)]
  0x0000000019184800 JavaThread "jar transforms Thread 175" [_thread_blocked, id=9856, stack(0x0000000030f10000,0x0000000031010000)]
  0x000000001917d000 JavaThread "jar transforms Thread 174" [_thread_blocked, id=8212, stack(0x0000000030e10000,0x0000000030f10000)]
  0x0000000019183800 JavaThread "jar transforms Thread 173" [_thread_blocked, id=9720, stack(0x0000000030d10000,0x0000000030e10000)]
  0x0000000019180800 JavaThread "jar transforms Thread 172" [_thread_blocked, id=9812, stack(0x0000000030c10000,0x0000000030d10000)]
  0x0000000019183000 JavaThread "jar transforms Thread 171" [_thread_blocked, id=5740, stack(0x0000000030b10000,0x0000000030c10000)]
  0x0000000019182000 JavaThread "jar transforms Thread 170" [_thread_blocked, id=9748, stack(0x0000000030a10000,0x0000000030b10000)]
  0x000000001917d800 JavaThread "jar transforms Thread 169" [_thread_blocked, id=388, stack(0x0000000030910000,0x0000000030a10000)]
  0x0000000019180000 JavaThread "jar transforms Thread 168" [_thread_blocked, id=7140, stack(0x0000000030810000,0x0000000030910000)]
  0x0000000019181800 JavaThread "jar transforms Thread 167" [_thread_blocked, id=9232, stack(0x0000000030710000,0x0000000030810000)]
  0x000000001917f000 JavaThread "jar transforms Thread 166" [_thread_blocked, id=3588, stack(0x0000000030610000,0x0000000030710000)]
  0x000000001917c000 JavaThread "jar transforms Thread 165" [_thread_blocked, id=9060, stack(0x0000000030510000,0x0000000030610000)]
  0x0000000018c11000 JavaThread "jar transforms Thread 164" [_thread_blocked, id=9988, stack(0x0000000030410000,0x0000000030510000)]
  0x0000000018c0f800 JavaThread "jar transforms Thread 163" [_thread_blocked, id=9560, stack(0x0000000030310000,0x0000000030410000)]
  0x0000000018c13000 JavaThread "jar transforms Thread 162" [_thread_blocked, id=9884, stack(0x0000000030210000,0x0000000030310000)]
  0x0000000018c0e800 JavaThread "jar transforms Thread 161" [_thread_blocked, id=6016, stack(0x0000000030110000,0x0000000030210000)]
  0x0000000018c0e000 JavaThread "jar transforms Thread 160" [_thread_blocked, id=11120, stack(0x0000000030010000,0x0000000030110000)]
  0x0000000018c12800 JavaThread "jar transforms Thread 159" [_thread_blocked, id=10116, stack(0x000000002ff10000,0x0000000030010000)]
  0x0000000018c11800 JavaThread "jar transforms Thread 158" [_thread_blocked, id=8788, stack(0x000000002fe10000,0x000000002ff10000)]
  0x0000000018c14000 JavaThread "jar transforms Thread 157" [_thread_blocked, id=10424, stack(0x000000002fd10000,0x000000002fe10000)]
  0x0000000018c14800 JavaThread "jar transforms Thread 156" [_thread_blocked, id=7912, stack(0x000000002fc10000,0x000000002fd10000)]
  0x0000000018c10000 JavaThread "jar transforms Thread 155" [_thread_blocked, id=5052, stack(0x000000002fb10000,0x000000002fc10000)]
  0x000000001a71f800 JavaThread "jar transforms Thread 154" [_thread_blocked, id=2932, stack(0x000000002fa10000,0x000000002fb10000)]
  0x000000001a721000 JavaThread "jar transforms Thread 153" [_thread_blocked, id=6092, stack(0x000000002f910000,0x000000002fa10000)]
  0x000000001a722800 JavaThread "jar transforms Thread 152" [_thread_blocked, id=10384, stack(0x000000002f810000,0x000000002f910000)]
  0x000000001a721800 JavaThread "jar transforms Thread 151" [_thread_blocked, id=9628, stack(0x000000002f710000,0x000000002f810000)]
  0x000000001a723000 JavaThread "jar transforms Thread 150" [_thread_blocked, id=5696, stack(0x000000002f610000,0x000000002f710000)]
  0x000000001a720000 JavaThread "jar transforms Thread 149" [_thread_blocked, id=5520, stack(0x000000002f510000,0x000000002f610000)]
  0x000000001a718000 JavaThread "jar transforms Thread 148" [_thread_blocked, id=10420, stack(0x000000002f410000,0x000000002f510000)]
  0x000000001a71e800 JavaThread "jar transforms Thread 147" [_thread_blocked, id=8608, stack(0x000000002f310000,0x000000002f410000)]
  0x000000001a71e000 JavaThread "jar transforms Thread 146" [_thread_blocked, id=9308, stack(0x000000002f210000,0x000000002f310000)]
  0x000000001a71d000 JavaThread "jar transforms Thread 145" [_thread_blocked, id=10700, stack(0x000000002f110000,0x000000002f210000)]
  0x000000001a71c800 JavaThread "jar transforms Thread 144" [_thread_blocked, id=10168, stack(0x000000002f010000,0x000000002f110000)]
  0x000000001a715800 JavaThread "jar transforms Thread 143" [_thread_blocked, id=5284, stack(0x000000002ef10000,0x000000002f010000)]
  0x000000001a71b800 JavaThread "jar transforms Thread 142" [_thread_blocked, id=5292, stack(0x000000002ee10000,0x000000002ef10000)]
  0x000000001a71a000 JavaThread "jar transforms Thread 141" [_thread_blocked, id=3192, stack(0x000000002ed10000,0x000000002ee10000)]
  0x000000001a717000 JavaThread "jar transforms Thread 140" [_thread_blocked, id=3248, stack(0x000000002ec10000,0x000000002ed10000)]
  0x000000001a719800 JavaThread "jar transforms Thread 139" [_thread_blocked, id=10764, stack(0x000000002eb10000,0x000000002ec10000)]
  0x000000001a71b000 JavaThread "jar transforms Thread 138" [_thread_blocked, id=10256, stack(0x000000002ea10000,0x000000002eb10000)]
  0x000000001a718800 JavaThread "jar transforms Thread 137" [_thread_blocked, id=10300, stack(0x000000002e910000,0x000000002ea10000)]
  0x000000001a716800 JavaThread "jar transforms Thread 136" [_thread_blocked, id=1876, stack(0x000000002e810000,0x000000002e910000)]
  0x000000001a715000 JavaThread "jar transforms Thread 135" [_thread_blocked, id=4640, stack(0x000000002e710000,0x000000002e810000)]
  0x000000001a714000 JavaThread "jar transforms Thread 134" [_thread_blocked, id=3536, stack(0x000000002e610000,0x000000002e710000)]
  0x0000000019efc800 JavaThread "jar transforms Thread 133" [_thread_blocked, id=9200, stack(0x000000002e510000,0x000000002e610000)]
  0x00000000194c8800 JavaThread "jar transforms Thread 132" [_thread_blocked, id=2704, stack(0x000000002e410000,0x000000002e510000)]
  0x00000000194c9800 JavaThread "jar transforms Thread 131" [_thread_blocked, id=2204, stack(0x000000002e310000,0x000000002e410000)]
  0x00000000194c8000 JavaThread "jar transforms Thread 130" [_thread_blocked, id=11068, stack(0x000000002e210000,0x000000002e310000)]
  0x00000000194c5000 JavaThread "jar transforms Thread 129" [_thread_blocked, id=1644, stack(0x000000002e110000,0x000000002e210000)]
  0x00000000194c7000 JavaThread "jar transforms Thread 128" [_thread_blocked, id=172, stack(0x000000002e010000,0x000000002e110000)]
  0x00000000194c4000 JavaThread "jar transforms Thread 127" [_thread_blocked, id=7576, stack(0x000000002df10000,0x000000002e010000)]
  0x00000000194c6800 JavaThread "jar transforms Thread 126" [_thread_blocked, id=1528, stack(0x000000002de10000,0x000000002df10000)]
  0x00000000194c5800 JavaThread "jar transforms Thread 125" [_thread_blocked, id=8928, stack(0x000000002dd10000,0x000000002de10000)]
  0x00000000194ca000 JavaThread "jar transforms Thread 124" [_thread_blocked, id=9236, stack(0x000000002dc10000,0x000000002dd10000)]
  0x00000000194c3800 JavaThread "jar transforms Thread 123" [_thread_blocked, id=8668, stack(0x000000002db10000,0x000000002dc10000)]
  0x00000000194bc000 JavaThread "jar transforms Thread 122" [_thread_blocked, id=11060, stack(0x000000002da10000,0x000000002db10000)]
  0x00000000194c2800 JavaThread "jar transforms Thread 121" [_thread_blocked, id=10500, stack(0x000000002d910000,0x000000002da10000)]
  0x00000000194c2000 JavaThread "jar transforms Thread 120" [_thread_blocked, id=10400, stack(0x000000002d810000,0x000000002d910000)]
  0x00000000194bb000 JavaThread "jar transforms Thread 119" [_thread_blocked, id=6156, stack(0x000000002d710000,0x000000002d810000)]
  0x00000000194bc800 JavaThread "jar transforms Thread 118" [_thread_blocked, id=8520, stack(0x000000002d610000,0x000000002d710000)]
  0x00000000194c1000 JavaThread "jar transforms Thread 117" [_thread_blocked, id=8476, stack(0x000000002d510000,0x000000002d610000)]
  0x00000000194be000 JavaThread "jar transforms Thread 116" [_thread_blocked, id=5692, stack(0x000000002d410000,0x000000002d510000)]
  0x00000000194bf800 JavaThread "jar transforms Thread 115" [_thread_blocked, id=6636, stack(0x000000002d310000,0x000000002d410000)]
  0x00000000194c0800 JavaThread "jar transforms Thread 114" [_thread_blocked, id=8480, stack(0x000000002d210000,0x000000002d310000)]
  0x00000000194bf000 JavaThread "jar transforms Thread 113" [_thread_blocked, id=9792, stack(0x000000002d110000,0x000000002d210000)]
  0x00000000194bd800 JavaThread "jar transforms Thread 112" [_thread_blocked, id=4652, stack(0x000000002d010000,0x000000002d110000)]
  0x0000000018da3000 JavaThread "jar transforms Thread 111" [_thread_blocked, id=10312, stack(0x000000002cf10000,0x000000002d010000)]
  0x0000000018da8800 JavaThread "jar transforms Thread 110" [_thread_blocked, id=9436, stack(0x000000002ce10000,0x000000002cf10000)]
  0x0000000018da7800 JavaThread "jar transforms Thread 109" [_thread_blocked, id=1056, stack(0x000000002cd10000,0x000000002ce10000)]
  0x0000000018da2800 JavaThread "jar transforms Thread 108" [_thread_blocked, id=10136, stack(0x000000002cc10000,0x000000002cd10000)]
  0x0000000018da6000 JavaThread "jar transforms Thread 107" [_thread_blocked, id=10732, stack(0x000000002cb10000,0x000000002cc10000)]
  0x0000000018da4000 JavaThread "jar transforms Thread 106" [_thread_blocked, id=5608, stack(0x000000002ca10000,0x000000002cb10000)]
  0x0000000018da9000 JavaThread "jar transforms Thread 105" [_thread_blocked, id=10412, stack(0x000000002c910000,0x000000002ca10000)]
  0x0000000018da5800 JavaThread "jar transforms Thread 104" [_thread_blocked, id=3188, stack(0x000000002c810000,0x000000002c910000)]
  0x000000001cee1800 JavaThread "jar transforms Thread 103" [_thread_blocked, id=2928, stack(0x000000002c710000,0x000000002c810000)]
  0x000000001ced7000 JavaThread "jar transforms Thread 102" [_thread_blocked, id=8068, stack(0x000000002c610000,0x000000002c710000)]
  0x000000001ced9800 JavaThread "jar transforms Thread 101" [_thread_blocked, id=10316, stack(0x000000002c510000,0x000000002c610000)]
  0x000000001ced3800 JavaThread "jar transforms Thread 100" [_thread_blocked, id=860, stack(0x000000002c410000,0x000000002c510000)]
  0x000000001ced8800 JavaThread "jar transforms Thread 99" [_thread_blocked, id=9532, stack(0x000000002c310000,0x000000002c410000)]
  0x000000001ceda000 JavaThread "jar transforms Thread 98" [_thread_blocked, id=5544, stack(0x000000002c210000,0x000000002c310000)]
  0x000000001ced4000 JavaThread "jar transforms Thread 97" [_thread_blocked, id=10408, stack(0x000000002c110000,0x000000002c210000)]
  0x000000001ced6800 JavaThread "jar transforms Thread 96" [_thread_blocked, id=6596, stack(0x000000002c010000,0x000000002c110000)]
  0x000000001ced5800 JavaThread "jar transforms Thread 95" [_thread_blocked, id=8280, stack(0x000000002bf10000,0x000000002c010000)]
  0x000000001ced5000 JavaThread "Build operations Thread 4" [_thread_blocked, id=7612, stack(0x000000002be10000,0x000000002bf10000)]
  0x0000000019f00800 JavaThread "Build operations Thread 3" [_thread_in_native, id=640, stack(0x000000002bd10000,0x000000002be10000)]
  0x0000000019eff800 JavaThread "Build operations Thread 2" [_thread_blocked, id=10140, stack(0x000000002bc10000,0x000000002bd10000)]
  0x0000000019eff000 JavaThread "Build operations" [_thread_in_native, id=9440, stack(0x000000002bb10000,0x000000002bc10000)]
  0x0000000019ef6000 JavaThread "Cache worker for cache directory md-rule (C:\Users\Rumah\.gradle\caches\6.5\md-rule)" [_thread_blocked, id=9320, stack(0x000000002ba10000,0x000000002bb10000)]
  0x0000000019efb000 JavaThread "Cache worker for cache directory md-supplier (C:\Users\Rumah\.gradle\caches\6.5\md-supplier)" [_thread_blocked, id=9284, stack(0x000000002b910000,0x000000002ba10000)]
  0x0000000019efc000 JavaThread "Cache worker for checksums cache (C:\Users\Rumah\Desktop\ECollabClasroom\.gradle\checksums)" [_thread_blocked, id=8472, stack(0x000000002b810000,0x000000002b910000)]
  0x0000000019ef3800 JavaThread "Cache worker for file hash cache (C:\Users\Rumah\Desktop\ECollabClasroom\.gradle\6.5\fileHashes)" [_thread_blocked, id=8408, stack(0x000000002b710000,0x000000002b810000)]
  0x0000000019efa800 JavaThread "Thread-128" [_thread_blocked, id=6200, stack(0x000000002b610000,0x000000002b710000)]
  0x0000000019ef5000 JavaThread "Stdin handler" [_thread_blocked, id=9872, stack(0x000000002b510000,0x000000002b610000)]
  0x0000000019ef3000 JavaThread "Asynchronous log dispatcher for DefaultDaemonConnection: socket connection from /127.0.0.1:50276 to /127.0.0.1:54590" [_thread_blocked, id=9732, stack(0x000000002b410000,0x000000002b510000)]
  0x0000000019ef2000 JavaThread "Daemon worker Thread 2" [_thread_blocked, id=2200, stack(0x000000002b310000,0x000000002b410000)]
  0x0000000019ef4800 JavaThread "Cancel handler" [_thread_blocked, id=5384, stack(0x000000002b210000,0x000000002b310000)]
  0x0000000019ef1800 JavaThread "Handler for socket connection from /127.0.0.1:50276 to /127.0.0.1:54590" [_thread_in_native, id=8444, stack(0x000000002b110000,0x000000002b210000)]
  0x0000000019ef8000 JavaThread "Daemon Thread 2" [_thread_blocked, id=10804, stack(0x000000002b010000,0x000000002b110000)]
  0x000000001ced2800 JavaThread "Memory manager" [_thread_blocked, id=8972, stack(0x0000000029da0000,0x0000000029ea0000)]
  0x0000000019ef7800 JavaThread "Cache worker for file content cache (C:\Users\Rumah\.gradle\caches\6.5\fileContent)" [_thread_blocked, id=9188, stack(0x0000000021190000,0x0000000021290000)]
  0x0000000019ef9800 JavaThread "Cache worker for execution history cache (C:\Users\Rumah\.gradle\caches\6.5\executionHistory)" [_thread_blocked, id=3500, stack(0x0000000020c90000,0x0000000020d90000)]
  0x0000000018da7000 JavaThread "Cache worker for file hash cache (C:\Users\Rumah\.gradle\caches\6.5\fileHashes)" [_thread_blocked, id=2380, stack(0x000000001d6c0000,0x000000001d7c0000)]
  0x0000000018da4800 JavaThread "File lock request listener" [_thread_in_native, id=10224, stack(0x000000001c5f0000,0x000000001c6f0000)]
  0x0000000019e1c800 JavaThread "Cache worker for journal cache (C:\Users\Rumah\.gradle\caches\journal-1)" [_thread_blocked, id=11256, stack(0x000000001c3f0000,0x000000001c4f0000)]
  0x0000000017cc9000 JavaThread "Daemon periodic checks" [_thread_blocked, id=6396, stack(0x000000001b7f0000,0x000000001b8f0000)]
  0x00000000185be800 JavaThread "Incoming local TCP Connector on port 50276" [_thread_in_native, id=1764, stack(0x000000001b2f0000,0x000000001b3f0000)]
  0x0000000017fc4000 JavaThread "Daemon health stats" [_thread_blocked, id=7020, stack(0x000000001acb0000,0x000000001adb0000)]
  0x000000001642d000 JavaThread "Service Thread" daemon [_thread_blocked, id=7632, stack(0x0000000018110000,0x0000000018210000)]
  0x0000000017c18800 JavaThread "C1 CompilerThread2" daemon [_thread_in_vm, id=9800, stack(0x0000000018010000,0x0000000018110000)]
=>0x0000000016424000 JavaThread "C2 CompilerThread1" daemon [_thread_in_native, id=2464, stack(0x0000000017b10000,0x0000000017c10000)]
  0x00000000163d6000 JavaThread "C2 CompilerThread0" daemon [_thread_in_native, id=10504, stack(0x0000000017a10000,0x0000000017b10000)]
  0x00000000163d3000 JavaThread "Attach Listener" daemon [_thread_blocked, id=9848, stack(0x0000000017910000,0x0000000017a10000)]
  0x00000000163d5000 JavaThread "Signal Dispatcher" daemon [_thread_blocked, id=8616, stack(0x0000000017810000,0x0000000017910000)]
  0x000000000296c000 JavaThread "Finalizer" daemon [_thread_blocked, id=10276, stack(0x0000000017620000,0x0000000017720000)]
  0x00000000163b9000 JavaThread "Reference Handler" daemon [_thread_blocked, id=10496, stack(0x0000000017520000,0x0000000017620000)]
  0x0000000002a5e000 JavaThread "main" [_thread_blocked, id=1424, stack(0x00000000026d0000,0x00000000027d0000)]

Other Threads:
  0x0000000016396000 VMThread [stack: 0x0000000017420000,0x0000000017520000] [id=9796]
  0x000000001642d800 WatcherThread [stack: 0x0000000018210000,0x0000000018310000] [id=6892]

VM state:not at safepoint (normal execution)

VM Mutex/Monitor currently owned by a thread:  ([mutex/lock_event])
[0x0000000002871350] Compile_lock - owner thread: 0x0000000000000000

heap address: 0x00000000a0000000, size: 1536 MB, Compressed Oops mode: 32-bit
Narrow klass base: 0x0000000000000000, Narrow klass shift: 3
Compressed class space size: 1073741824 Address: 0x0000000100000000

Heap:
 PSYoungGen      total 445952K, used 256855K [0x00000000e0000000, 0x00000000ffb00000, 0x0000000100000000)
  eden space 373760K, 67% used [0x00000000e0000000,0x00000000ef565d98,0x00000000f6d00000)
  from space 72192K, 7% used [0x00000000fb480000,0x00000000fb9f0030,0x00000000ffb00000)
  to   space 72704K, 0% used [0x00000000f6d00000,0x00000000f6d00000,0x00000000fb400000)
 ParOldGen       total 258560K, used 109862K [0x00000000a0000000, 0x00000000afc80000, 0x00000000e0000000)
  object space 258560K, 42% used [0x00000000a0000000,0x00000000a6b49968,0x00000000afc80000)
 Metaspace       used 98459K, capacity 103752K, committed 103936K, reserved 1138688K
  class space    used 12979K, capacity 14037K, committed 14080K, reserved 1048576K

Card table byte_map: [0x0000000011e20000,0x0000000012130000] byte_map_base: 0x0000000011920000

Marking Bits: (ParMarkBitMap*) 0x000000006ec7f030
 Begin Bits: [0x0000000012730000, 0x0000000013f30000)
 End Bits:   [0x0000000013f30000, 0x0000000015730000)

Polling page: 0x00000000027d0000

CodeCache: size=245760Kb used=56981Kb max_used=56994Kb free=188778Kb
 bounds [0x0000000002a60000, 0x00000000062c0000, 0x0000000011a60000]
 total_blobs=16932 nmethods=16085 adapters=760
 compilation: enabled

Compilation events (10 events):
Event: 402.862 Thread 0x0000000017c18800 19264       2       org.gradle.internal.execution.steps.SkipUpToDateStep::lambda$execute$0 (78 bytes)
Event: 402.863 Thread 0x0000000017c18800 nmethod 19264 0x00000000030bb510 code [0x00000000030bb720, 0x00000000030bbdf8]
Event: 402.911 Thread 0x0000000017c18800 19265       2       org.gradle.internal.execution.history.changes.SummarizingChangeContainer$ChangeDetectingVisitor::visitChange (16 bytes)
Event: 402.911 Thread 0x0000000017c18800 nmethod 19265 0x0000000003046c90 code [0x0000000003046e00, 0x0000000003046f88]
Event: 402.949 Thread 0x0000000017c18800 19266       1       com.android.tools.r8.BaseCommand$Builder::a (5 bytes)
Event: 402.950 Thread 0x0000000017c18800 nmethod 19266 0x00000000034d4390 code [0x00000000034d44e0, 0x00000000034d45f0]
Event: 402.974 Thread 0x0000000017c18800 19267       2       com.google.common.collect.SingletonImmutableList::iterator (5 bytes)
Event: 402.974 Thread 0x0000000017c18800 nmethod 19267 0x00000000048fc490 code [0x00000000048fc5e0, 0x00000000048fc7b0]
Event: 403.007 Thread 0x0000000017c18800 19268       2       java.nio.file.FileTreeIterator::hasNext (35 bytes)
Event: 403.007 Thread 0x0000000017c18800 nmethod 19268 0x0000000004089610 code [0x0000000004089780, 0x00000000040899f8]

GC Heap History (10 events):
Event: 393.944 GC heap before
{Heap before GC invocations=28 (full 4):
 PSYoungGen      total 360448K, used 360030K [0x00000000e0000000, 0x00000000ffb00000, 0x0000000100000000)
  eden space 348160K, 100% used [0x00000000e0000000,0x00000000f5400000,0x00000000f5400000)
  from space 12288K, 96% used [0x00000000f5400000,0x00000000f5f978a8,0x00000000f6000000)
  to   space 85504K, 0% used [0x00000000fa780000,0x00000000fa780000,0x00000000ffb00000)
 ParOldGen       total 258560K, used 81968K [0x00000000a0000000, 0x00000000afc80000, 0x00000000e0000000)
  object space 258560K, 31% used [0x00000000a0000000,0x00000000a500c060,0x00000000afc80000)
 Metaspace       used 97972K, capacity 103318K, committed 103424K, reserved 1138688K
  class space    used 12943K, capacity 14028K, committed 14080K, reserved 1048576K
Event: 393.987 GC heap after
Heap after GC invocations=28 (full 4):
 PSYoungGen      total 438272K, used 32110K [0x00000000e0000000, 0x0000000100000000, 0x0000000100000000)
  eden space 352768K, 0% used [0x00000000e0000000,0x00000000e0000000,0x00000000f5880000)
  from space 85504K, 37% used [0x00000000fa780000,0x00000000fc6db940,0x00000000ffb00000)
  to   space 80896K, 0% used [0x00000000f5880000,0x00000000f5880000,0x00000000fa780000)
 ParOldGen       total 258560K, used 81968K [0x00000000a0000000, 0x00000000afc80000, 0x00000000e0000000)
  object space 258560K, 31% used [0x00000000a0000000,0x00000000a500c060,0x00000000afc80000)
 Metaspace       used 97972K, capacity 103318K, committed 103424K, reserved 1138688K
  class space    used 12943K, capacity 14028K, committed 14080K, reserved 1048576K
}
Event: 395.145 GC heap before
{Heap before GC invocations=29 (full 4):
 PSYoungGen      total 438272K, used 384878K [0x00000000e0000000, 0x0000000100000000, 0x0000000100000000)
  eden space 352768K, 100% used [0x00000000e0000000,0x00000000f5880000,0x00000000f5880000)
  from space 85504K, 37% used [0x00000000fa780000,0x00000000fc6db940,0x00000000ffb00000)
  to   space 80896K, 0% used [0x00000000f5880000,0x00000000f5880000,0x00000000fa780000)
 ParOldGen       total 258560K, used 81968K [0x00000000a0000000, 0x00000000afc80000, 0x00000000e0000000)
  object space 258560K, 31% used [0x00000000a0000000,0x00000000a500c060,0x00000000afc80000)
 Metaspace       used 98127K, capacity 103530K, committed 103680K, reserved 1138688K
  class space    used 12946K, capacity 14030K, committed 14080K, reserved 1048576K
Event: 395.168 GC heap after
Heap after GC invocations=29 (full 4):
 PSYoungGen      total 433664K, used 26476K [0x00000000e0000000, 0x00000000ff280000, 0x0000000100000000)
  eden space 352768K, 0% used [0x00000000e0000000,0x00000000e0000000,0x00000000f5880000)
  from space 80896K, 32% used [0x00000000f5880000,0x00000000f725b350,0x00000000fa780000)
  to   space 76288K, 0% used [0x00000000fa800000,0x00000000fa800000,0x00000000ff280000)
 ParOldGen       total 258560K, used 84468K [0x00000000a0000000, 0x00000000afc80000, 0x00000000e0000000)
  object space 258560K, 32% used [0x00000000a0000000,0x00000000a527d0d0,0x00000000afc80000)
 Metaspace       used 98127K, capacity 103530K, committed 103680K, reserved 1138688K
  class space    used 12946K, capacity 14030K, committed 14080K, reserved 1048576K
}
Event: 396.941 GC heap before
{Heap before GC invocations=30 (full 4):
 PSYoungGen      total 433664K, used 379244K [0x00000000e0000000, 0x00000000ff280000, 0x0000000100000000)
  eden space 352768K, 100% used [0x00000000e0000000,0x00000000f5880000,0x00000000f5880000)
  from space 80896K, 32% used [0x00000000f5880000,0x00000000f725b350,0x00000000fa780000)
  to   space 76288K, 0% used [0x00000000fa800000,0x00000000fa800000,0x00000000ff280000)
 ParOldGen       total 258560K, used 84468K [0x00000000a0000000, 0x00000000afc80000, 0x00000000e0000000)
  object space 258560K, 32% used [0x00000000a0000000,0x00000000a527d0d0,0x00000000afc80000)
 Metaspace       used 98195K, capacity 103538K, committed 103680K, reserved 1138688K
  class space    used 12948K, capacity 14032K, committed 14080K, reserved 1048576K
Event: 396.973 GC heap after
Heap after GC invocations=30 (full 4):
 PSYoungGen      total 434688K, used 4985K [0x00000000e0000000, 0x00000000ffa80000, 0x0000000100000000)
  eden space 358400K, 0% used [0x00000000e0000000,0x00000000e0000000,0x00000000f5e00000)
  from space 76288K, 6% used [0x00000000fa800000,0x00000000facde5e8,0x00000000ff280000)
  to   space 75776K, 0% used [0x00000000f5e00000,0x00000000f5e00000,0x00000000fa800000)
 ParOldGen       total 258560K, used 102353K [0x00000000a0000000, 0x00000000afc80000, 0x00000000e0000000)
  object space 258560K, 39% used [0x00000000a0000000,0x00000000a63f4460,0x00000000afc80000)
 Metaspace       used 98195K, capacity 103538K, committed 103680K, reserved 1138688K
  class space    used 12948K, capacity 14032K, committed 14080K, reserved 1048576K
}
Event: 399.092 GC heap before
{Heap before GC invocations=31 (full 4):
 PSYoungGen      total 434688K, used 363385K [0x00000000e0000000, 0x00000000ffa80000, 0x0000000100000000)
  eden space 358400K, 100% used [0x00000000e0000000,0x00000000f5e00000,0x00000000f5e00000)
  from space 76288K, 6% used [0x00000000fa800000,0x00000000facde5e8,0x00000000ff280000)
  to   space 75776K, 0% used [0x00000000f5e00000,0x00000000f5e00000,0x00000000fa800000)
 ParOldGen       total 258560K, used 102353K [0x00000000a0000000, 0x00000000afc80000, 0x00000000e0000000)
  object space 258560K, 39% used [0x00000000a0000000,0x00000000a63f4460,0x00000000afc80000)
 Metaspace       used 98206K, capacity 103602K, committed 103680K, reserved 1138688K
  class space    used 12948K, capacity 14032K, committed 14080K, reserved 1048576K
Event: 399.108 GC heap after
Heap after GC invocations=31 (full 4):
 PSYoungGen      total 434176K, used 4000K [0x00000000e0000000, 0x00000000ffd80000, 0x0000000100000000)
  eden space 358400K, 0% used [0x00000000e0000000,0x00000000e0000000,0x00000000f5e00000)
  from space 75776K, 5% used [0x00000000f5e00000,0x00000000f61e8000,0x00000000fa800000)
  to   space 74752K, 0% used [0x00000000fb480000,0x00000000fb480000,0x00000000ffd80000)
 ParOldGen       total 258560K, used 106382K [0x00000000a0000000, 0x00000000afc80000, 0x00000000e0000000)
  object space 258560K, 41% used [0x00000000a0000000,0x00000000a67e3958,0x00000000afc80000)
 Metaspace       used 98206K, capacity 103602K, committed 103680K, reserved 1138688K
  class space    used 12948K, capacity 14032K, committed 14080K, reserved 1048576K
}
Event: 400.948 GC heap before
{Heap before GC invocations=32 (full 4):
 PSYoungGen      total 434176K, used 362400K [0x00000000e0000000, 0x00000000ffd80000, 0x0000000100000000)
  eden space 358400K, 100% used [0x00000000e0000000,0x00000000f5e00000,0x00000000f5e00000)
  from space 75776K, 5% used [0x00000000f5e00000,0x00000000f61e8000,0x00000000fa800000)
  to   space 74752K, 0% used [0x00000000fb480000,0x00000000fb480000,0x00000000ffd80000)
 ParOldGen       total 258560K, used 106382K [0x00000000a0000000, 0x00000000afc80000, 0x00000000e0000000)
  object space 258560K, 41% used [0x00000000a0000000,0x00000000a67e3958,0x00000000afc80000)
 Metaspace       used 98211K, capacity 103602K, committed 103680K, reserved 1138688K
  class space    used 12948K, capacity 14032K, committed 14080K, reserved 1048576K
Event: 400.966 GC heap after
Heap after GC invocations=32 (full 4):
 PSYoungGen      total 445952K, used 5568K [0x00000000e0000000, 0x00000000ffb00000, 0x0000000100000000)
  eden space 373760K, 0% used [0x00000000e0000000,0x00000000e0000000,0x00000000f6d00000)
  from space 72192K, 7% used [0x00000000fb480000,0x00000000fb9f0030,0x00000000ffb00000)
  to   space 72704K, 0% used [0x00000000f6d00000,0x00000000f6d00000,0x00000000fb400000)
 ParOldGen       total 258560K, used 109862K [0x00000000a0000000, 0x00000000afc80000, 0x00000000e0000000)
  object space 258560K, 42% used [0x00000000a0000000,0x00000000a6b49968,0x00000000afc80000)
 Metaspace       used 98211K, capacity 103602K, committed 103680K, reserved 1138688K
  class space    used 12948K, capacity 14032K, committed 14080K, reserved 1048576K
}

Deoptimization events (10 events):
Event: 394.638 Thread 0x000000001daed000 Uncommon trap: reason=unreached action=reinterpret pc=0x0000000005d05940 method=com.android.tools.r8.ir.regalloc.a.a(Lcom/android/tools/r8/ir/regalloc/a$a;Z)Lcom/android/tools/r8/ir/regalloc/a$a; @ 3025
Event: 394.678 Thread 0x0000000019f00800 Uncommon trap: reason=class_check action=maybe_recompile pc=0x0000000005eff03c method=com.android.tools.r8.ir.regalloc.a.a(Lcom/android/tools/r8/s/b/X;Lcom/android/tools/r8/q/a/a/b/X;Ljava/util/List;Lcom/android/tools/r8/ir/regalloc/e;Ljava/util/Map;)V @ 
Event: 394.698 Thread 0x0000000019f00800 Uncommon trap: reason=class_check action=maybe_recompile pc=0x0000000005989f9c method=com.android.tools.r8.s.b.l0.h()Lcom/android/tools/r8/s/b/k0; @ 3
Event: 395.309 Thread 0x0000000019f00800 Uncommon trap: reason=unstable_if action=reinterpret pc=0x0000000005fb9020 method=com.android.tools.r8.ir.conversion.N.a(ILcom/android/tools/r8/s/b/t1;Lcom/android/tools/r8/s/b/o;Lcom/android/tools/r8/s/b/o$c;Lcom/android/tools/r8/s/b/U0$a;)Lcom/android/t
Event: 395.311 Thread 0x0000000019f00800 Uncommon trap: reason=unstable_if action=reinterpret pc=0x0000000005bbb228 method=com.android.tools.r8.s.a.h.e.b(Lcom/android/tools/r8/s/b/k0;)V @ 11
Event: 395.410 Thread 0x000000001daed000 Uncommon trap: reason=unstable_if action=reinterpret pc=0x0000000006088574 method=com.android.tools.r8.ir.optimize.a0.a(Ljava/util/Map;I)V @ 29
Event: 395.673 Thread 0x000000001daed000 Uncommon trap: reason=unstable_if action=reinterpret pc=0x0000000005fa8788 method=java.util.TimSort.countRunAndMakeAscending([Ljava/lang/Object;IILjava/util/Comparator;)I @ 27
Event: 397.128 Thread 0x0000000019f00800 Uncommon trap: reason=unstable_if action=reinterpret pc=0x0000000005ee4d30 method=com.android.tools.r8.s.b.q1.a(Lcom/android/tools/r8/graph/f;Lcom/android/tools/r8/s/b/X;Ljava/util/function/Predicate;Ljava/util/Set;)Z @ 184
Event: 402.549 Thread 0x000000001daf3000 Uncommon trap: reason=unstable_if action=reinterpret pc=0x0000000003047e1c method=java.io.ObjectInputStream.readObject(Ljava/lang/Class;)Ljava/lang/Object; @ 85
Event: 402.730 Thread 0x000000001daf3000 Uncommon trap: reason=unstable_if action=reinterpret pc=0x000000000528e63c method=sun.nio.fs.WindowsFileAttributes.isRegularFile()Z @ 11

Classes redefined (0 events):
No events

Internal exceptions (10 events):
Event: 393.163 Thread 0x0000000019eff000 Exception <a 'sun/nio/fs/WindowsException'> (0x00000000e3e113d0) thrown at [C:\src\AOSP-openjdk-git\hotspot\src\share\vm\prims\jni.cpp, line 710]
Event: 393.180 Thread 0x0000000019f00800 Exception <a 'sun/nio/fs/WindowsException'> (0x00000000e45d5108) thrown at [C:\src\AOSP-openjdk-git\hotspot\src\share\vm\prims\jni.cpp, line 710]
Event: 394.353 Thread 0x000000001ced5000 Exception <a 'sun/nio/fs/WindowsException'> (0x00000000e73b1f28) thrown at [C:\src\AOSP-openjdk-git\hotspot\src\share\vm\prims\jni.cpp, line 710]
Event: 394.574 Thread 0x0000000019eff000 Exception <a 'sun/nio/fs/WindowsException'> (0x00000000ea1202a8) thrown at [C:\src\AOSP-openjdk-git\hotspot\src\share\vm\prims\jni.cpp, line 710]
Event: 394.845 Thread 0x0000000019eff800 Exception <a 'sun/nio/fs/WindowsException'> (0x00000000f02d3b18) thrown at [C:\src\AOSP-openjdk-git\hotspot\src\share\vm\prims\jni.cpp, line 710]
Event: 394.987 Thread 0x0000000019eff800 Exception <a 'sun/nio/fs/WindowsException'> (0x00000000f2877758) thrown at [C:\src\AOSP-openjdk-git\hotspot\src\share\vm\prims\jni.cpp, line 710]
Event: 395.701 Thread 0x000000001daed000 Exception <a 'sun/nio/fs/WindowsException'> (0x00000000e9bd7990) thrown at [C:\src\AOSP-openjdk-git\hotspot\src\share\vm\prims\jni.cpp, line 710]
Event: 402.497 Thread 0x0000000019f00800 Exception <a 'sun/nio/fs/WindowsException'> (0x00000000ec93d968) thrown at [C:\src\AOSP-openjdk-git\hotspot\src\share\vm\prims\jni.cpp, line 710]
Event: 402.542 Thread 0x000000001daed000 Exception <a 'java/lang/NoSuchMethodError': <clinit>> (0x00000000ecff0680) thrown at [C:\src\AOSP-openjdk-git\hotspot\src\share\vm\prims\jni.cpp, line 1615]
Event: 403.099 Thread 0x000000001daf3000 Exception <a 'sun/nio/fs/WindowsException'> (0x00000000ef17de60) thrown at [C:\src\AOSP-openjdk-git\hotspot\src\share\vm\prims\jni.cpp, line 710]

Events (10 events):
Event: 403.103 loading class com/android/tools/r8/dex/n
Event: 403.103 loading class com/android/tools/r8/dex/n done
Event: 403.105 loading class com/android/tools/r8/graph/c0
Event: 403.105 loading class com/android/tools/r8/graph/c0 done
Event: 403.105 loading class com/android/tools/r8/graph/c0$b
Event: 403.105 loading class com/android/tools/r8/graph/c0$b done
Event: 403.105 loading class com/android/tools/r8/graph/c0$c
Event: 403.105 loading class com/android/tools/r8/graph/c0$c done
Event: 403.106 loading class com/android/tools/r8/graph/c0$a
Event: 403.106 loading class com/android/tools/r8/graph/c0$a done


Dynamic libraries:
0x00007ff71dfa0000 - 0x00007ff71dfd1000 	C:\Program Files\Android\Android Studio\jre\bin\java.exe
0x00007ffe7c420000 - 0x00007ffe7c5f0000 	C:\Windows\SYSTEM32\ntdll.dll
0x00007ffe7a740000 - 0x00007ffe7a7ec000 	C:\Windows\System32\KERNEL32.DLL
0x00007ffe79790000 - 0x00007ffe799ad000 	C:\Windows\System32\KERNELBASE.dll
0x00007ffe7bf70000 - 0x00007ffe7c012000 	C:\Windows\System32\ADVAPI32.dll
0x00007ffe799b0000 - 0x00007ffe79a4e000 	C:\Windows\System32\msvcrt.dll
0x00007ffe79e90000 - 0x00007ffe79ee9000 	C:\Windows\System32\sechost.dll
0x00007ffe79d60000 - 0x00007ffe79e81000 	C:\Windows\System32\RPCRT4.dll
0x00007ffe79bb0000 - 0x00007ffe79d15000 	C:\Windows\System32\USER32.dll
0x00007ffe79260000 - 0x00007ffe7927e000 	C:\Windows\System32\win32u.dll
0x00007ffe7a6a0000 - 0x00007ffe7a6d4000 	C:\Windows\System32\GDI32.dll
0x00007ffe79600000 - 0x00007ffe79781000 	C:\Windows\System32\gdi32full.dll
0x00007ffe6aa30000 - 0x00007ffe6acaa000 	C:\Windows\WinSxS\amd64_microsoft.windows.common-controls_6595b64144ccf1df_6.0.14393.2273_none_7de240fc83403786\COMCTL32.dll
0x00007ffe7c020000 - 0x00007ffe7c2e8000 	C:\Windows\System32\combase.dll
0x00007ffe794b0000 - 0x00007ffe795a5000 	C:\Windows\System32\ucrtbase.dll
0x00007ffe78a70000 - 0x00007ffe78ada000 	C:\Windows\System32\bcryptPrimitives.dll
0x00007ffe79d20000 - 0x00007ffe79d4e000 	C:\Windows\System32\IMM32.DLL
0x000000006e3d0000 - 0x000000006e4a2000 	C:\Program Files\Android\Android Studio\jre\jre\bin\msvcr100.dll
0x000000006e4b0000 - 0x000000006ecfb000 	C:\Program Files\Android\Android Studio\jre\jre\bin\server\jvm.dll
0x00007ffe79d50000 - 0x00007ffe79d58000 	C:\Windows\System32\PSAPI.DLL
0x00007ffe65890000 - 0x00007ffe65899000 	C:\Windows\SYSTEM32\WSOCK32.dll
0x00007ffe76980000 - 0x00007ffe769a3000 	C:\Windows\SYSTEM32\WINMM.dll
0x00007ffe7c3b0000 - 0x00007ffe7c41a000 	C:\Windows\System32\WS2_32.dll
0x00007ffe74bb0000 - 0x00007ffe74bba000 	C:\Windows\SYSTEM32\VERSION.dll
0x00007ffe767a0000 - 0x00007ffe767cb000 	C:\Windows\SYSTEM32\winmmbase.dll
0x00007ffe795b0000 - 0x00007ffe795f2000 	C:\Windows\System32\cfgmgr32.dll
0x00007ffe76dd0000 - 0x00007ffe76ddf000 	C:\Program Files\Android\Android Studio\jre\jre\bin\verify.dll
0x00007ffe75350000 - 0x00007ffe75379000 	C:\Program Files\Android\Android Studio\jre\jre\bin\java.dll
0x00007ffe72b90000 - 0x00007ffe72ba6000 	C:\Program Files\Android\Android Studio\jre\jre\bin\zip.dll
0x00007ffe7a7f0000 - 0x00007ffe7bcf5000 	C:\Windows\System32\SHELL32.dll
0x00007ffe78b80000 - 0x00007ffe79259000 	C:\Windows\System32\windows.storage.dll
0x00007ffe78890000 - 0x00007ffe788dc000 	C:\Windows\System32\powrprof.dll
0x00007ffe7bd00000 - 0x00007ffe7bd52000 	C:\Windows\System32\shlwapi.dll
0x00007ffe78880000 - 0x00007ffe7888f000 	C:\Windows\System32\kernel.appcore.dll
0x00007ffe78910000 - 0x00007ffe789b9000 	C:\Windows\System32\shcore.dll
0x00007ffe788e0000 - 0x00007ffe788f4000 	C:\Windows\System32\profapi.dll
0x00007ffe72b70000 - 0x00007ffe72b8a000 	C:\Program Files\Android\Android Studio\jre\jre\bin\net.dll
0x00007ffe78150000 - 0x00007ffe781ac000 	C:\Windows\system32\mswsock.dll
0x00007ffe72b50000 - 0x00007ffe72b63000 	C:\Program Files\Android\Android Studio\jre\jre\bin\nio.dll
0x00007ffe72570000 - 0x00007ffe72597000 	C:\Users\Rumah\.gradle\native\f6784746aeab05261644944871eae4fe03e0ef1612fff0a4a95f87b438bc6780\windows-amd64\native-platform.dll
0x00007ffe76d40000 - 0x00007ffe76d4d000 	C:\Program Files\Android\Android Studio\jre\jre\bin\management.dll
0x00007ffe782f0000 - 0x00007ffe78307000 	C:\Windows\SYSTEM32\CRYPTSP.dll
0x00007ffe77d50000 - 0x00007ffe77d83000 	C:\Windows\system32\rsaenh.dll
0x00007ffe787c0000 - 0x00007ffe787eb000 	C:\Windows\SYSTEM32\bcrypt.dll
0x00007ffe77fd0000 - 0x00007ffe77fef000 	C:\Windows\SYSTEM32\USERENV.dll
0x00007ffe787b0000 - 0x00007ffe787bb000 	C:\Windows\SYSTEM32\CRYPTBASE.dll
0x00007ffe77ed0000 - 0x00007ffe77f08000 	C:\Windows\SYSTEM32\IPHLPAPI.DLL
0x00007ffe79ef0000 - 0x00007ffe79ef8000 	C:\Windows\System32\NSI.dll
0x00007ffe74c00000 - 0x00007ffe74c16000 	C:\Windows\SYSTEM32\dhcpcsvc6.DLL
0x00007ffe75070000 - 0x00007ffe7508a000 	C:\Windows\SYSTEM32\dhcpcsvc.DLL
0x00007ffe75420000 - 0x00007ffe7542b000 	C:\Windows\SYSTEM32\WINNSI.DLL
0x00007ffe775c0000 - 0x00007ffe775f2000 	C:\Windows\SYSTEM32\ntmarta.dll

VM Arguments:
jvm_args: -Xmx1536m -Dfile.encoding=windows-1252 -Duser.country=US -Duser.language=en -Duser.variant 
java_command: org.gradle.launcher.daemon.bootstrap.GradleDaemon 6.5
java_class_path (initial): C:\Users\Rumah\.gradle\wrapper\dists\gradle-6.5-bin\6nifqtx7604sqp1q6g8wikw7p\gradle-6.5\lib\gradle-launcher-6.5.jar
Launcher Type: SUN_STANDARD

Environment Variables:
JAVA_HOME=C:\Program Files\Java\jdk-14.0.2
PATH=C:\ProgramData\Oracle\Java\javapath;C:\Program Files (x86)\Common Files\Intel\Shared Files\cpp\bin\Intel64;C:\Windows\system32;C:\Windows;C:\Windows\System32\Wbem;C:\Windows\System32\WindowsPowerShell\v1.0\;C:\Program Files\Java\jdk-14.0.2\bin;C:\xampp\php;C:\xampp\php;C:\Program Files\Git\cmd;C:\composer;C:\Program Files\nodejs\;C:\Users\Rumah\AppData\Local\Programs\Python\Python38-32\Scripts\;C:\Users\Rumah\AppData\Local\Programs\Python\Python38-32\;C:\Users\Rumah\AppData\Local\Programs\Python\Launcher\;C:\Users\Rumah\AppData\Local\Microsoft\WindowsApps;C:\Users\Rumah\AppData\Local\GitHubDesktop\bin;C:\Users\Rumah\AppData\Roaming\Composer\vendor\bin;C:\xampp\php;C:\Users\Rumah\AppData\Local\Programs\Microsoft VS Code\bin;C:\Users\Rumah\AppData\Roaming\npm;C:\Program Files\nodejs;C:\Users\Rumah\AppData\Roaming\npm
USERNAME=Rumah
OS=Windows_NT
PROCESSOR_IDENTIFIER=AMD64 Family 23 Model 24 Stepping 1, AuthenticAMD



---------------  S Y S T E M  ---------------

OS: Windows 10.0 , 64 bit Build 14393 (10.0.14393.2214)

CPU:total 4 (initial active 4) (4 cores per cpu, 1 threads per core) family 23 model 24 stepping 1, cmov, cx8, fxsr, mmx, sse, sse2, sse3, ssse3, sse4.1, sse4.2, popcnt, avx, avx2, aes, clmul, mmxext, 3dnowpref, lzcnt, sse4a, tsc, tscinvbit, tscinv, bmi1

Memory: 4k page, physical 10412948k(1442828k free), swap 17580948k(4864k free)

vm_info: OpenJDK 64-Bit Server VM (25.242-b01) for windows-amd64 JRE (1.8.0_242-release-1644-b01), built by "builder" with MS VC++ 10.0 (VS2010)

time: Wed Jun 30 23:47:21 2021
timezone: SE Asia Standard Time
elapsed time: 403 seconds (0d 0h 6m 43s)

